<?xml version="1.0" encoding="UTF-8"?>
<testng-results ignored="0" total="3" passed="2" failed="1" skipped="0">
  <reporter-output>
  </reporter-output>
  <suite started-at="2026-06-13T14:46:37 IST" name="Default suite" finished-at="2026-06-13T14:48:25 IST" duration-ms="108601">
    <groups>
    </groups>
    <test started-at="2026-06-13T14:46:37 IST" name="Default test" finished-at="2026-06-13T14:48:25 IST" duration-ms="108601">
      <class name="Test.FlightSearchTest">
        <test-method is-config="true" signature="setup()[pri:0, instance:Test.FlightSearchTest@31304f14]" started-at="2026-06-13T14:46:37 IST" name="setup" finished-at="2026-06-13T14:46:52 IST" duration-ms="15570" status="PASS">
          <reporter-output>
          </reporter-output>
        </test-method> <!-- setup -->
        <test-method signature="TC_01_verifyCleartripHomeSearchFormLoadsAfterPopupClose()[pri:1, instance:Test.FlightSearchTest@31304f14]" started-at="2026-06-13T14:46:52 IST" name="TC_01_verifyCleartripHomeSearchFormLoadsAfterPopupClose" finished-at="2026-06-13T14:47:03 IST" duration-ms="10911" status="PASS">
          <reporter-output>
          </reporter-output>
        </test-method> <!-- TC_01_verifyCleartripHomeSearchFormLoadsAfterPopupClose -->
        <test-method is-config="true" signature="tearDown()[pri:0, instance:Test.FlightSearchTest@31304f14]" started-at="2026-06-13T14:47:03 IST" name="tearDown" finished-at="2026-06-13T14:47:04 IST" duration-ms="474" status="PASS">
          <reporter-output>
          </reporter-output>
        </test-method> <!-- tearDown -->
        <test-method is-config="true" signature="setup()[pri:0, instance:Test.FlightSearchTest@31304f14]" started-at="2026-06-13T14:47:04 IST" name="setup" finished-at="2026-06-13T14:47:19 IST" duration-ms="15015" status="PASS">
          <reporter-output>
          </reporter-output>
        </test-method> <!-- setup -->
        <test-method signature="TC_02_searchValidRouteAndPrintAllAvailableFlightsWithPrices()[pri:2, instance:Test.FlightSearchTest@31304f14]" started-at="2026-06-13T14:47:19 IST" name="TC_02_searchValidRouteAndPrintAllAvailableFlightsWithPrices" finished-at="2026-06-13T14:47:43 IST" duration-ms="24554" status="PASS">
          <reporter-output>
          </reporter-output>
        </test-method> <!-- TC_02_searchValidRouteAndPrintAllAvailableFlightsWithPrices -->
        <test-method is-config="true" signature="tearDown()[pri:0, instance:Test.FlightSearchTest@31304f14]" started-at="2026-06-13T14:47:43 IST" name="tearDown" finished-at="2026-06-13T14:47:44 IST" duration-ms="423" status="PASS">
          <reporter-output>
          </reporter-output>
        </test-method> <!-- tearDown -->
        <test-method is-config="true" signature="setup()[pri:0, instance:Test.FlightSearchTest@31304f14]" started-at="2026-06-13T14:47:44 IST" name="setup" finished-at="2026-06-13T14:48:03 IST" duration-ms="19292" status="PASS">
          <reporter-output>
          </reporter-output>
        </test-method> <!-- setup -->
        <test-method signature="TC_03_searchValidRouteButExpectNoFlights_IntentionalFail()[pri:3, instance:Test.FlightSearchTest@31304f14]" started-at="2026-06-13T14:48:03 IST" name="TC_03_searchValidRouteButExpectNoFlights_IntentionalFail" finished-at="2026-06-13T14:48:25 IST" duration-ms="21810" status="FAIL">
          <exception class="java.lang.AssertionError">
            <message>
              <![CDATA[Intentional Fail: Flights are displayed for valid route, but test expected no flights ❌ expected [false] but found [true]]]>
            </message>
            <full-stacktrace>
              <![CDATA[java.lang.AssertionError: Intentional Fail: Flights are displayed for valid route, but test expected no flights ❌ expected [false] but found [true]
at org.testng.Assert.fail(Assert.java:110)
at org.testng.Assert.failNotEquals(Assert.java:1577)
at org.testng.Assert.assertFalse(Assert.java:78)
at Test.FlightSearchTest.TC_03_searchValidRouteButExpectNoFlights_IntentionalFail(FlightSearchTest.java:74)
at java.base/jdk.internal.reflect.NativeMethodAccessorImpl.invoke0(Native Method)
at java.base/jdk.internal.reflect.NativeMethodAccessorImpl.invoke(NativeMethodAccessorImpl.java:77)
at java.base/jdk.internal.reflect.DelegatingMethodAccessorImpl.invoke(DelegatingMethodAccessorImpl.java:43)
at java.base/java.lang.reflect.Method.invoke(Method.java:568)
at org.testng.internal.invokers.MethodInvocationHelper.invokeMethod(MethodInvocationHelper.java:139)
at org.testng.internal.invokers.TestInvoker.invokeMethod(TestInvoker.java:677)
at org.testng.internal.invokers.TestInvoker.invokeTestMethod(TestInvoker.java:221)
at org.testng.internal.invokers.MethodRunner.runInSequence(MethodRunner.java:50)
at org.testng.internal.invokers.TestInvoker$MethodInvocationAgent.invoke(TestInvoker.java:969)
at org.testng.internal.invokers.TestInvoker.invokeTestMethods(TestInvoker.java:194)
at org.testng.internal.invokers.TestMethodWorker.invokeTestMethods(TestMethodWorker.java:148)
at org.testng.internal.invokers.TestMethodWorker.run(TestMethodWorker.java:128)
at java.base/java.util.ArrayList.forEach(ArrayList.java:1511)
at org.testng.TestRunner.privateRun(TestRunner.java:829)
at org.testng.TestRunner.run(TestRunner.java:602)
at org.testng.SuiteRunner.runTest(SuiteRunner.java:437)
at org.testng.SuiteRunner.runSequentially(SuiteRunner.java:431)
at org.testng.SuiteRunner.privateRun(SuiteRunner.java:391)
at org.testng.SuiteRunner.run(SuiteRunner.java:330)
at org.testng.SuiteRunnerWorker.runSuite(SuiteRunnerWorker.java:52)
at org.testng.SuiteRunnerWorker.run(SuiteRunnerWorker.java:95)
at org.testng.TestNG.runSuitesSequentially(TestNG.java:1256)
at org.testng.TestNG.runSuitesLocally(TestNG.java:1176)
at org.testng.TestNG.runSuites(TestNG.java:1099)
at org.testng.TestNG.run(TestNG.java:1067)
at org.testng.remote.AbstractRemoteTestNG.run(AbstractRemoteTestNG.java:115)
at org.testng.remote.RemoteTestNG.initAndRun(RemoteTestNG.java:293)
at org.testng.remote.RemoteTestNG.main(RemoteTestNG.java:91)
]]>
            </full-stacktrace>
          </exception> <!-- java.lang.AssertionError -->
          <reporter-output>
          </reporter-output>
        </test-method> <!-- TC_03_searchValidRouteButExpectNoFlights_IntentionalFail -->
        <test-method is-config="true" signature="tearDown()[pri:0, instance:Test.FlightSearchTest@31304f14]" started-at="2026-06-13T14:48:25 IST" name="tearDown" finished-at="2026-06-13T14:48:25 IST" duration-ms="458" status="PASS">
          <reporter-output>
          </reporter-output>
        </test-method> <!-- tearDown -->
      </class> <!-- Test.FlightSearchTest -->
    </test> <!-- Default test -->
  </suite> <!-- Default suite -->
</testng-results>
